Drawing starting week dates from transactions
	collecting org week dates
Tagging log data
	loading log data from S3
	tagging weeks in logs
	done with 6 (1 out of 4738, 7.70 minutes)
	done with 13 (2 out of 4738, 8.95 minutes)
	done with 17 (3 out of 4738, 8.95 minutes)
	done with 23 (4 out of 4738, 9.66 minutes)
	done with 24 (5 out of 4738, 9.96 minutes)
	done with 25 (6 out of 4738, 10.00 minutes)
	done with 31 (7 out of 4738, 9.98 minutes)
	done with 33 (8 out of 4738, 9.95 minutes)
	done with 36 (9 out of 4738, 9.97 minutes)
	done with 38 (10 out of 4738, 9.97 minutes)
	done with 40 (11 out of 4738, 10.00 minutes)
	done with 43 (12 out of 4738, 10.05 minutes)
	done with 45 (13 out of 4738, 10.04 minutes)
	done with 42 (14 out of 4738, 9.99 minutes)
	done with 44 (15 out of 4738, 10.08 minutes)
	done with 41 (16 out of 4738, 10.07 minutes)
	done with 50 (17 out of 4738, 9.98 minutes)
	done with 48 (18 out of 4738, 10.00 minutes)
	done with 51 (19 out of 4738, 9.96 minutes)
	done with 53 (20 out of 4738, 9.90 minutes)
	done with 55 (21 out of 4738, 9.95 minutes)
	done with 52 (22 out of 4738, 9.94 minutes)
	done with 54 (23 out of 4738, 9.94 minutes)
	done with 56 (24 out of 4738, 9.96 minutes)
	done with 57 (25 out of 4738, 9.99 minutes)
	done with 58 (26 out of 4738, 10.03 minutes)
	done with 59 (27 out of 4738, 10.08 minutes)
	done with 63 (28 out of 4738, 10.05 minutes)
	done with 61 (29 out of 4738, 10.03 minutes)
	done with 62 (30 out of 4738, 10.06 minutes)
	done with 60 (31 out of 4738, 10.07 minutes)
	done with 64 (32 out of 4738, 10.04 minutes)
	done with 66 (33 out of 4738, 10.07 minutes)
	done with 67 (34 out of 4738, 10.01 minutes)
	done with 39 (35 out of 4738, 10.01 minutes)
	done with 70 (36 out of 4738, 10.01 minutes)
	done with 69 (37 out of 4738, 10.04 minutes)
	done with 68 (38 out of 4738, 9.98 minutes)
	done with 72 (39 out of 4738, 10.07 minutes)
	done with 73 (40 out of 4738, 10.04 minutes)
	done with 71 (41 out of 4738, 9.95 minutes)
	done with 75 (42 out of 4738, 10.00 minutes)
	done with 243 (43 out of 4738, 10.09 minutes)
	done with 78 (44 out of 4738, 10.00 minutes)
	done with 74 (45 out of 4738, 10.09 minutes)
	done with 76 (46 out of 4738, 10.04 minutes)
	done with 79 (47 out of 4738, 10.01 minutes)
	done with 80 (48 out of 4738, 10.10 minutes)
	done with 88 (49 out of 4738, 9.97 minutes)
	done with 91 (50 out of 4738, 10.04 minutes)
	done with 85 (51 out of 4738, 9.79 minutes)
	done with 84 (52 out of 4738, 9.04 minutes)
	done with 87 (53 out of 4738, 8.90 minutes)
	done with 92 (54 out of 4738, 8.97 minutes)
	done with 89 (55 out of 4738, 9.66 minutes)
	done with 97 (56 out of 4738, 9.27 minutes)
	done with 96 (57 out of 4738, 8.91 minutes)
	done with 95 (58 out of 4738, 8.89 minutes)
	done with 98 (59 out of 4738, 8.87 minutes)
	done with 90 (60 out of 4738, 8.95 minutes)
	done with 101 (61 out of 4738, 8.99 minutes)
	done with 108 (62 out of 4738, 8.88 minutes)
	done with 103 (63 out of 4738, 8.92 minutes)
	done with 131 (64 out of 4738, 8.96 minutes)
	done with 112 (65 out of 4738, 9.03 minutes)
	done with 111 (66 out of 4738, 9.20 minutes)
	done with 109 (67 out of 4738, 9.11 minutes)
	done with 115 (68 out of 4738, 9.11 minutes)
	done with 114 (69 out of 4738, 9.26 minutes)
	done with 110 (70 out of 4738, 9.88 minutes)
	done with 113 (71 out of 4738, 9.88 minutes)
	done with 117 (72 out of 4738, 10.00 minutes)
	done with 120 (73 out of 4738, 9.97 minutes)
	done with 116 (74 out of 4738, 9.80 minutes)
	done with 118 (75 out of 4738, 9.86 minutes)
	done with 121 (76 out of 4738, 9.86 minutes)
	done with 124 (77 out of 4738, 9.84 minutes)
	done with 119 (78 out of 4738, 10.02 minutes)
	done with 122 (79 out of 4738, 10.06 minutes)
	done with 125 (80 out of 4738, 10.10 minutes)
	done with 126 (81 out of 4738, 10.15 minutes)
	done with 104 (82 out of 4738, 10.07 minutes)
	done with 127 (83 out of 4738, 9.96 minutes)
	done with 129 (84 out of 4738, 10.03 minutes)
	done with 137 (85 out of 4738, 9.95 minutes)
	done with 136 (86 out of 4738, 9.86 minutes)
	done with 94 (87 out of 4738, 9.96 minutes)
	done with 133 (88 out of 4738, 10.02 minutes)
	done with 135 (89 out of 4738, 9.85 minutes)
	done with 142 (90 out of 4738, 9.91 minutes)
	done with 141 (91 out of 4738, 9.87 minutes)
	done with 106 (92 out of 4738, 9.86 minutes)
	done with 144 (93 out of 4738, 9.91 minutes)
	done with 140 (94 out of 4738, 9.90 minutes)
	done with 152 (95 out of 4738, 9.84 minutes)
	done with 138 (96 out of 4738, 9.89 minutes)
	done with 143 (97 out of 4738, 9.84 minutes)
	done with 153 (98 out of 4738, 9.78 minutes)
	done with 155 (99 out of 4738, 9.90 minutes)
	done with 145 (100 out of 4738, 9.80 minutes)
	done with 150 (101 out of 4738, 9.81 minutes)
	done with 146 (102 out of 4738, 10.21 minutes)
	done with 160 (103 out of 4738, 10.42 minutes)
	done with 168 (104 out of 4738, 10.29 minutes)
	done with 169 (105 out of 4738, 10.31 minutes)
	done with 173 (106 out of 4738, 10.38 minutes)
	done with 175 (107 out of 4738, 10.27 minutes)
	done with 177 (108 out of 4738, 10.37 minutes)
	done with 174 (109 out of 4738, 10.32 minutes)
	done with 432 (110 out of 4738, 10.25 minutes)
	done with 184 (111 out of 4738, 10.30 minutes)
	done with 167 (112 out of 4738, 10.33 minutes)
	done with 188 (113 out of 4738, 10.28 minutes)
	done with 190 (114 out of 4738, 10.34 minutes)
	done with 189 (115 out of 4738, 10.32 minutes)
	done with 186 (116 out of 4738, 10.25 minutes)
	done with 128 (117 out of 4738, 10.30 minutes)
	done with 193 (118 out of 4738, 10.32 minutes)
	done with 196 (119 out of 4738, 10.28 minutes)
	done with 197 (120 out of 4738, 10.30 minutes)
	done with 192 (121 out of 4738, 10.28 minutes)
	done with 202 (122 out of 4738, 10.31 minutes)
	done with 206 (123 out of 4738, 10.33 minutes)
	done with 198 (124 out of 4738, 10.34 minutes)
	done with 201 (125 out of 4738, 10.26 minutes)
	done with 205 (126 out of 4738, 10.33 minutes)
	done with 217 (127 out of 4738, 10.37 minutes)
	done with 215 (128 out of 4738, 10.30 minutes)
	done with 214 (129 out of 4738, 10.33 minutes)
	done with 159 (130 out of 4738, 10.29 minutes)
	done with 212 (131 out of 4738, 10.26 minutes)
	done with 228 (132 out of 4738, 10.28 minutes)
	done with 208 (133 out of 4738, 10.29 minutes)
	done with 195 (134 out of 4738, 10.29 minutes)
	done with 210 (135 out of 4738, 10.30 minutes)
	done with 220 (136 out of 4738, 10.28 minutes)
	done with 219 (137 out of 4738, 10.28 minutes)
	done with 225 (138 out of 4738, 10.28 minutes)
	done with 224 (139 out of 4738, 10.26 minutes)
	done with 226 (140 out of 4738, 10.28 minutes)
	done with 223 (141 out of 4738, 10.32 minutes)
	done with 227 (142 out of 4738, 10.38 minutes)
	done with 230 (143 out of 4738, 10.29 minutes)
	done with 233 (144 out of 4738, 10.29 minutes)
	done with 236 (145 out of 4738, 10.28 minutes)
	done with 240 (146 out of 4738, 10.29 minutes)
	done with 147 (147 out of 4738, 10.31 minutes)
	done with 244 (148 out of 4738, 10.34 minutes)
	done with 164 (149 out of 4738, 10.29 minutes)
	done with 245 (150 out of 4738, 10.30 minutes)
	done with 242 (151 out of 4738, 10.26 minutes)
	done with 232 (152 out of 4738, 10.25 minutes)
	done with 247 (153 out of 4738, 10.31 minutes)
	done with 248 (154 out of 4738, 10.30 minutes)
	done with 251 (155 out of 4738, 10.30 minutes)
	done with 263 (156 out of 4738, 10.31 minutes)
	done with 278 (157 out of 4738, 10.31 minutes)
	done with 265 (158 out of 4738, 10.25 minutes)
	done with 274 (159 out of 4738, 10.30 minutes)
	done with 273 (160 out of 4738, 10.37 minutes)
	done with 231 (161 out of 4738, 10.29 minutes)
	done with 293 (162 out of 4738, 10.30 minutes)
	done with 270 (163 out of 4738, 10.34 minutes)
	done with 287 (164 out of 4738, 10.26 minutes)
	done with 286 (165 out of 4738, 10.31 minutes)
	done with 288 (166 out of 4738, 10.31 minutes)
	done with 229 (167 out of 4738, 10.25 minutes)
	done with 277 (168 out of 4738, 10.29 minutes)
	done with 262 (169 out of 4738, 10.25 minutes)
	done with 292 (170 out of 4738, 10.23 minutes)
	done with 291 (171 out of 4738, 10.31 minutes)
	done with 290 (172 out of 4738, 10.26 minutes)
	done with 276 (173 out of 4738, 10.25 minutes)
	done with 268 (174 out of 4738, 10.27 minutes)
	done with 295 (175 out of 4738, 10.27 minutes)
	done with 306 (176 out of 4738, 10.26 minutes)
	done with 297 (177 out of 4738, 10.27 minutes)
	done with 308 (178 out of 4738, 10.27 minutes)
	done with 314 (179 out of 4738, 10.26 minutes)
	done with 311 (180 out of 4738, 10.29 minutes)
	done with 302 (181 out of 4738, 10.33 minutes)
	done with 316 (182 out of 4738, 10.31 minutes)
	done with 319 (183 out of 4738, 10.31 minutes)
	done with 309 (184 out of 4738, 10.31 minutes)
	done with 328 (185 out of 4738, 10.22 minutes)
	done with 340 (186 out of 4738, 10.33 minutes)
	done with 307 (187 out of 4738, 10.29 minutes)
	done with 330 (188 out of 4738, 10.28 minutes)
	done with 351 (189 out of 4738, 10.27 minutes)
	done with 343 (190 out of 4738, 10.28 minutes)
	done with 329 (191 out of 4738, 10.25 minutes)
	done with 304 (192 out of 4738, 10.27 minutes)
	done with 336 (193 out of 4738, 10.26 minutes)
	done with 346 (194 out of 4738, 10.28 minutes)
	done with 320 (195 out of 4738, 10.33 minutes)
	done with 0 (196 out of 4738, 10.32 minutes)
	done with 303 (197 out of 4738, 10.26 minutes)
	done with 344 (198 out of 4738, 10.30 minutes)
	done with 339 (199 out of 4738, 10.29 minutes)
	done with 326 (200 out of 4738, 10.32 minutes)
	done with 348 (201 out of 4738, 10.26 minutes)
	done with 337 (202 out of 4738, 10.27 minutes)
	done with 347 (203 out of 4738, 10.24 minutes)
	done with 342 (204 out of 4738, 10.28 minutes)
	done with 363 (205 out of 4738, 10.29 minutes)
	done with 313 (206 out of 4738, 10.23 minutes)
	done with 349 (207 out of 4738, 10.24 minutes)
	done with 364 (208 out of 4738, 10.22 minutes)
	done with 357 (209 out of 4738, 10.22 minutes)
	done with 368 (210 out of 4738, 10.25 minutes)
	done with 377 (211 out of 4738, 10.30 minutes)
	done with 338 (212 out of 4738, 10.28 minutes)
	done with 376 (213 out of 4738, 10.38 minutes)
	done with 354 (214 out of 4738, 10.34 minutes)
	done with 375 (215 out of 4738, 10.25 minutes)
	done with 380 (216 out of 4738, 10.37 minutes)
	done with 369 (217 out of 4738, 10.34 minutes)
	done with 366 (218 out of 4738, 10.26 minutes)
	done with 299 (219 out of 4738, 10.35 minutes)
	done with 379 (220 out of 4738, 10.34 minutes)
	done with 382 (221 out of 4738, 10.29 minutes)
	done with 332 (222 out of 4738, 10.33 minutes)
	done with 381 (223 out of 4738, 10.29 minutes)
	done with 383 (224 out of 4738, 10.28 minutes)
	done with 331 (225 out of 4738, 10.29 minutes)
	done with 360 (226 out of 4738, 10.28 minutes)
	done with 327 (227 out of 4738, 10.26 minutes)
	done with 362 (228 out of 4738, 10.33 minutes)
	done with 374 (229 out of 4738, 10.28 minutes)
	done with 333 (230 out of 4738, 10.25 minutes)
	done with 395 (231 out of 4738, 10.27 minutes)
	done with 355 (232 out of 4738, 10.29 minutes)
	done with 406 (233 out of 4738, 10.27 minutes)
	done with 392 (234 out of 4738, 10.35 minutes)
	done with 402 (235 out of 4738, 10.33 minutes)
	done with 341 (236 out of 4738, 10.33 minutes)
	done with 403 (237 out of 4738, 10.31 minutes)
	done with 235 (238 out of 4738, 10.34 minutes)
	done with 407 (239 out of 4738, 10.26 minutes)
	done with 280 (240 out of 4738, 10.34 minutes)
	done with 397 (241 out of 4738, 10.39 minutes)
	done with 408 (242 out of 4738, 10.29 minutes)
	done with 399 (243 out of 4738, 10.35 minutes)
	done with 401 (244 out of 4738, 10.34 minutes)
	done with 359 (245 out of 4738, 10.25 minutes)
	done with 361 (246 out of 4738, 10.27 minutes)
	done with 400 (247 out of 4738, 10.27 minutes)
	done with 388 (248 out of 4738, 10.27 minutes)
	done with 305 (249 out of 4738, 10.26 minutes)
	done with 370 (250 out of 4738, 10.30 minutes)
	done with 350 (251 out of 4738, 10.25 minutes)
	done with 394 (252 out of 4738, 10.34 minutes)
	done with 418 (253 out of 4738, 10.25 minutes)
	done with 428 (254 out of 4738, 10.23 minutes)
	done with 420 (255 out of 4738, 10.39 minutes)
	done with 9 (256 out of 4738, 10.24 minutes)
	done with 426 (257 out of 4738, 10.27 minutes)
	done with 422 (258 out of 4738, 10.28 minutes)
	done with 421 (259 out of 4738, 10.26 minutes)
	done with 413 (260 out of 4738, 10.27 minutes)
	done with 435 (261 out of 4738, 10.28 minutes)
	done with 434 (262 out of 4738, 10.26 minutes)
	done with 423 (263 out of 4738, 10.24 minutes)
	done with 557 (264 out of 4738, 10.30 minutes)
	done with 429 (265 out of 4738, 10.30 minutes)
	done with 398 (266 out of 4738, 10.24 minutes)
	done with 315 (267 out of 4738, 10.32 minutes)
	done with 391 (268 out of 4738, 10.29 minutes)
	done with 454 (269 out of 4738, 10.27 minutes)
	done with 453 (270 out of 4738, 10.27 minutes)
	done with 442 (271 out of 4738, 10.24 minutes)
	done with 441 (272 out of 4738, 10.23 minutes)
	done with 457 (273 out of 4738, 10.26 minutes)
	done with 460 (274 out of 4738, 10.27 minutes)
	done with 433 (275 out of 4738, 10.28 minutes)
	done with 417 (276 out of 4738, 10.27 minutes)
	done with 449 (277 out of 4738, 10.30 minutes)
	done with 450 (278 out of 4738, 10.26 minutes)
	done with 452 (279 out of 4738, 10.33 minutes)
	done with 459 (280 out of 4738, 10.27 minutes)
	done with 425 (281 out of 4738, 10.26 minutes)
	done with 443 (282 out of 4738, 10.27 minutes)
	done with 461 (283 out of 4738, 10.29 minutes)
	done with 409 (284 out of 4738, 10.26 minutes)
	done with 446 (285 out of 4738, 10.31 minutes)
	done with 468 (286 out of 4738, 10.26 minutes)
	done with 470 (287 out of 4738, 10.27 minutes)
	done with 465 (288 out of 4738, 10.33 minutes)
	done with 440 (289 out of 4738, 10.31 minutes)
	done with 416 (290 out of 4738, 10.27 minutes)
	done with 466 (291 out of 4738, 10.33 minutes)
	done with 456 (292 out of 4738, 10.30 minutes)
	done with 472 (293 out of 4738, 10.29 minutes)
	done with 473 (294 out of 4738, 10.32 minutes)
	done with 467 (295 out of 4738, 10.39 minutes)
	done with 485 (296 out of 4738, 10.27 minutes)
	done with 481 (297 out of 4738, 10.32 minutes)
	done with 480 (298 out of 4738, 10.31 minutes)
	done with 474 (299 out of 4738, 10.27 minutes)
	done with 489 (300 out of 4738, 10.34 minutes)
	done with 491 (301 out of 4738, 10.31 minutes)
	done with 488 (302 out of 4738, 10.30 minutes)
	done with 419 (303 out of 4738, 10.28 minutes)
	done with 492 (304 out of 4738, 10.29 minutes)
	done with 471 (305 out of 4738, 10.28 minutes)
	done with 490 (306 out of 4738, 10.28 minutes)
	done with 451 (307 out of 4738, 10.29 minutes)
	done with 497 (308 out of 4738, 10.28 minutes)
	done with 479 (309 out of 4738, 10.35 minutes)
	done with 494 (310 out of 4738, 10.33 minutes)
	done with 495 (311 out of 4738, 10.29 minutes)
	done with 506 (312 out of 4738, 10.28 minutes)
	done with 484 (313 out of 4738, 10.26 minutes)
	done with 508 (314 out of 4738, 10.27 minutes)
	done with 510 (315 out of 4738, 10.33 minutes)
	done with 507 (316 out of 4738, 10.35 minutes)
	done with 511 (317 out of 4738, 10.24 minutes)
	done with 512 (318 out of 4738, 10.26 minutes)
	done with 515 (319 out of 4738, 10.30 minutes)
	done with 517 (320 out of 4738, 10.24 minutes)
	done with 513 (321 out of 4738, 10.04 minutes)
	done with 367 (322 out of 4738, 10.02 minutes)
	done with 509 (323 out of 4738, 9.99 minutes)
	done with 476 (324 out of 4738, 10.04 minutes)
	done with 424 (325 out of 4738, 10.02 minutes)
	done with 521 (326 out of 4738, 9.98 minutes)
	done with 523 (327 out of 4738, 10.02 minutes)
	done with 524 (328 out of 4738, 10.07 minutes)
	done with 525 (329 out of 4738, 10.06 minutes)
	done with 496 (330 out of 4738, 10.06 minutes)
	done with 528 (331 out of 4738, 9.99 minutes)
	done with 538 (332 out of 4738, 9.94 minutes)
	done with 522 (333 out of 4738, 10.04 minutes)
	done with 539 (334 out of 4738, 10.03 minutes)
	done with 535 (335 out of 4738, 9.98 minutes)
	done with 477 (336 out of 4738, 9.93 minutes)
	done with 542 (337 out of 4738, 9.95 minutes)
	done with 543 (338 out of 4738, 9.91 minutes)
	done with 547 (339 out of 4738, 9.95 minutes)
	done with 541 (340 out of 4738, 9.97 minutes)
	done with 526 (341 out of 4738, 9.92 minutes)
	done with 546 (342 out of 4738, 9.92 minutes)
	done with 534 (343 out of 4738, 9.93 minutes)
	done with 532 (344 out of 4738, 9.94 minutes)
	done with 551 (345 out of 4738, 9.93 minutes)
	done with 533 (346 out of 4738, 9.96 minutes)
	done with 549 (347 out of 4738, 9.94 minutes)
	done with 554 (348 out of 4738, 9.92 minutes)
	done with 553 (349 out of 4738, 10.01 minutes)
	done with 537 (350 out of 4738, 9.89 minutes)
	done with 552 (351 out of 4738, 9.93 minutes)
	done with 545 (352 out of 4738, 9.93 minutes)
	done with 556 (353 out of 4738, 9.91 minutes)
	done with 414 (354 out of 4738, 9.93 minutes)
	done with 562 (355 out of 4738, 9.96 minutes)
	done with 561 (356 out of 4738, 9.93 minutes)
	done with 560 (357 out of 4738, 9.95 minutes)
	done with 563 (358 out of 4738, 9.94 minutes)
	done with 520 (359 out of 4738, 9.92 minutes)
	done with 516 (360 out of 4738, 9.94 minutes)
	done with 437 (361 out of 4738, 9.96 minutes)
	done with 566 (362 out of 4738, 9.92 minutes)
	done with 568 (363 out of 4738, 9.96 minutes)
	done with 544 (364 out of 4738, 9.93 minutes)
	done with 548 (365 out of 4738, 9.89 minutes)
	done with 567 (366 out of 4738, 9.96 minutes)
	done with 565 (367 out of 4738, 9.96 minutes)
	done with 478 (368 out of 4738, 9.91 minutes)
	done with 569 (369 out of 4738, 9.96 minutes)
	done with 575 (370 out of 4738, 9.89 minutes)
	done with 573 (371 out of 4738, 9.83 minutes)
	done with 589 (372 out of 4738, 9.85 minutes)
	done with 430 (373 out of 4738, 9.88 minutes)
	done with 592 (374 out of 4738, 9.82 minutes)
	done with 527 (375 out of 4738, 9.81 minutes)
	done with 536 (376 out of 4738, 9.85 minutes)
	done with 591 (377 out of 4738, 9.83 minutes)
	done with 588 (378 out of 4738, 9.85 minutes)
	done with 487 (379 out of 4738, 9.88 minutes)
	done with 595 (380 out of 4738, 9.85 minutes)
	done with 579 (381 out of 4738, 9.87 minutes)
	done with 602 (382 out of 4738, 9.87 minutes)
	done with 577 (383 out of 4738, 9.84 minutes)
	done with 601 (384 out of 4738, 9.84 minutes)
	done with 605 (385 out of 4738, 9.88 minutes)
	done with 594 (386 out of 4738, 9.79 minutes)
	done with 582 (387 out of 4738, 9.87 minutes)
	done with 570 (388 out of 4738, 9.91 minutes)
	done with 603 (389 out of 4738, 9.89 minutes)
	done with 600 (390 out of 4738, 9.92 minutes)
	done with 599 (391 out of 4738, 10.03 minutes)
	done with 607 (392 out of 4738, 9.84 minutes)
	done with 555 (393 out of 4738, 9.88 minutes)
	done with 581 (394 out of 4738, 9.89 minutes)
	done with 571 (395 out of 4738, 9.91 minutes)
	done with 564 (396 out of 4738, 9.92 minutes)
	done with 611 (397 out of 4738, 9.92 minutes)
	done with 580 (398 out of 4738, 9.86 minutes)
	done with 612 (399 out of 4738, 9.89 minutes)
	done with 615 (400 out of 4738, 9.86 minutes)
	done with 616 (401 out of 4738, 9.86 minutes)
	done with 614 (402 out of 4738, 9.87 minutes)
	done with 596 (403 out of 4738, 9.92 minutes)
	done with 613 (404 out of 4738, 9.89 minutes)
	done with 621 (405 out of 4738, 9.88 minutes)
	done with 606 (406 out of 4738, 9.89 minutes)
	done with 609 (407 out of 4738, 9.85 minutes)
	done with 586 (408 out of 4738, 9.87 minutes)
	done with 627 (409 out of 4738, 9.87 minutes)
	done with 619 (410 out of 4738, 9.81 minutes)
	done with 633 (411 out of 4738, 9.86 minutes)
	done with 622 (412 out of 4738, 9.86 minutes)
	done with 636 (413 out of 4738, 9.80 minutes)
	done with 641 (414 out of 4738, 9.87 minutes)
	done with 630 (415 out of 4738, 10.14 minutes)
	done with 638 (416 out of 4738, 10.12 minutes)
	done with 634 (417 out of 4738, 9.86 minutes)
	done with 631 (418 out of 4738, 9.81 minutes)
	done with 628 (419 out of 4738, 9.78 minutes)
	done with 642 (420 out of 4738, 9.83 minutes)
	done with 635 (421 out of 4738, 9.84 minutes)
	done with 608 (422 out of 4738, 9.85 minutes)
	done with 610 (423 out of 4738, 9.89 minutes)
	done with 644 (424 out of 4738, 9.87 minutes)
	done with 632 (425 out of 4738, 9.84 minutes)
	done with 34809 (426 out of 4738, 9.82 minutes)
	done with 649 (427 out of 4738, 9.87 minutes)
	done with 648 (428 out of 4738, 9.81 minutes)
	done with 645 (429 out of 4738, 9.85 minutes)
	done with 620 (430 out of 4738, 9.85 minutes)
	done with 654 (431 out of 4738, 9.84 minutes)
	done with 659 (432 out of 4738, 9.90 minutes)
	done with 660 (433 out of 4738, 10.13 minutes)
	done with 661 (434 out of 4738, 10.13 minutes)
	done with 664 (435 out of 4738, 10.17 minutes)
	done with 663 (436 out of 4738, 10.20 minutes)
	done with 669 (437 out of 4738, 10.17 minutes)
	done with 662 (438 out of 4738, 10.25 minutes)
	done with 576 (439 out of 4738, 10.18 minutes)
	done with 657 (440 out of 4738, 10.15 minutes)
	done with 668 (441 out of 4738, 10.18 minutes)
	done with 678 (442 out of 4738, 10.18 minutes)
	done with 667 (443 out of 4738, 10.19 minutes)
	done with 675 (444 out of 4738, 10.14 minutes)
	done with 653 (445 out of 4738, 10.14 minutes)
	done with 682 (446 out of 4738, 10.10 minutes)
	done with 598 (447 out of 4738, 10.14 minutes)
	done with 676 (448 out of 4738, 10.17 minutes)
	done with 672 (449 out of 4738, 10.10 minutes)
	done with 686 (450 out of 4738, 10.07 minutes)
	done with 684 (451 out of 4738, 10.13 minutes)
	done with 665 (452 out of 4738, 10.05 minutes)
	done with 671 (453 out of 4738, 10.10 minutes)
	done with 688 (454 out of 4738, 10.13 minutes)
	done with 690 (455 out of 4738, 10.09 minutes)
	done with 673 (456 out of 4738, 10.11 minutes)
	done with 689 (457 out of 4738, 10.11 minutes)
	done with 694 (458 out of 4738, 10.06 minutes)
	done with 692 (459 out of 4738, 10.11 minutes)
	done with 643 (460 out of 4738, 10.12 minutes)
	done with 629 (461 out of 4738, 10.06 minutes)
	done with 685 (462 out of 4738, 10.10 minutes)
	done with 687 (463 out of 4738, 10.13 minutes)
	done with 695 (464 out of 4738, 10.09 minutes)
	done with 699 (465 out of 4738, 10.13 minutes)
	done with 704 (466 out of 4738, 10.18 minutes)
	done with 696 (467 out of 4738, 10.05 minutes)
	done with 702 (468 out of 4738, 10.16 minutes)
	done with 680 (469 out of 4738, 10.15 minutes)
	done with 701 (470 out of 4738, 10.13 minutes)
	done with 703 (471 out of 4738, 10.14 minutes)
	done with 679 (472 out of 4738, 10.12 minutes)
	done with 713 (473 out of 4738, 10.12 minutes)
	done with 693 (474 out of 4738, 10.09 minutes)
	done with 706 (475 out of 4738, 10.13 minutes)
	done with 646 (476 out of 4738, 10.10 minutes)
	done with 707 (477 out of 4738, 10.09 minutes)
	done with 719 (478 out of 4738, 10.11 minutes)
	done with 718 (479 out of 4738, 10.11 minutes)
	done with 715 (480 out of 4738, 10.11 minutes)
	done with 720 (481 out of 4738, 10.13 minutes)
	done with 712 (482 out of 4738, 10.07 minutes)
	done with 681 (483 out of 4738, 10.16 minutes)
	done with 721 (484 out of 4738, 10.19 minutes)
	done with 731 (485 out of 4738, 10.12 minutes)
	done with 709 (486 out of 4738, 10.17 minutes)
	done with 732 (487 out of 4738, 10.19 minutes)
	done with 683 (488 out of 4738, 10.09 minutes)
	done with 725 (489 out of 4738, 10.11 minutes)
	done with 724 (490 out of 4738, 10.13 minutes)
	done with 741 (491 out of 4738, 10.09 minutes)
	done with 744 (492 out of 4738, 10.09 minutes)
	done with 728 (493 out of 4738, 10.13 minutes)
	done with 735 (494 out of 4738, 10.08 minutes)
	done with 710 (495 out of 4738, 10.10 minutes)
	done with 637 (496 out of 4738, 10.10 minutes)
	done with 734 (497 out of 4738, 10.07 minutes)
	done with 745 (498 out of 4738, 10.16 minutes)
	done with 733 (499 out of 4738, 10.14 minutes)
	done with 743 (500 out of 4738, 10.09 minutes)
	done with 742 (501 out of 4738, 10.12 minutes)
	done with 674 (502 out of 4738, 10.15 minutes)
	done with 738 (503 out of 4738, 10.10 minutes)
	done with 727 (504 out of 4738, 10.16 minutes)
	done with 723 (505 out of 4738, 10.18 minutes)
	done with 740 (506 out of 4738, 10.14 minutes)
	done with 748 (507 out of 4738, 10.14 minutes)
	done with 708 (508 out of 4738, 10.14 minutes)
	done with 756 (509 out of 4738, 10.12 minutes)
	done with 751 (510 out of 4738, 10.16 minutes)
	done with 746 (511 out of 4738, 10.21 minutes)
	done with 749 (512 out of 4738, 10.13 minutes)
	done with 757 (513 out of 4738, 10.26 minutes)
	done with 759 (514 out of 4738, 10.19 minutes)
	done with 700 (515 out of 4738, 10.14 minutes)
	done with 726 (516 out of 4738, 10.20 minutes)
	done with 711 (517 out of 4738, 10.22 minutes)
	done with 747 (518 out of 4738, 10.16 minutes)
	done with 717 (519 out of 4738, 10.17 minutes)
	done with 764 (520 out of 4738, 10.20 minutes)
	done with 493 (521 out of 4738, 10.13 minutes)
	done with 779 (522 out of 4738, 10.15 minutes)
	done with 780 (523 out of 4738, 10.16 minutes)
	done with 758 (524 out of 4738, 10.12 minutes)
	done with 776 (525 out of 4738, 10.19 minutes)
	done with 781 (526 out of 4738, 10.19 minutes)
	done with 778 (527 out of 4738, 10.15 minutes)
	done with 777 (528 out of 4738, 10.15 minutes)
	done with 786 (529 out of 4738, 10.12 minutes)
	done with 785 (530 out of 4738, 10.16 minutes)
	done with 794 (531 out of 4738, 10.15 minutes)
	done with 765 (532 out of 4738, 10.15 minutes)
	done with 787 (533 out of 4738, 10.10 minutes)
	done with 792 (534 out of 4738, 10.10 minutes)
	done with 790 (535 out of 4738, 10.16 minutes)
	done with 788 (536 out of 4738, 10.12 minutes)
	done with 816 (537 out of 4738, 10.17 minutes)
	done with 814 (538 out of 4738, 10.10 minutes)
	done with 796 (539 out of 4738, 10.06 minutes)
	done with 782 (540 out of 4738, 10.11 minutes)
	done with 809 (541 out of 4738, 10.13 minutes)
	done with 799 (542 out of 4738, 10.09 minutes)
	done with 808 (543 out of 4738, 10.10 minutes)
	done with 729 (544 out of 4738, 10.10 minutes)
	done with 818 (545 out of 4738, 10.07 minutes)
	done with 815 (546 out of 4738, 10.17 minutes)
	done with 810 (547 out of 4738, 10.36 minutes)
	done with 811 (548 out of 4738, 10.22 minutes)
	done with 812 (549 out of 4738, 10.24 minutes)
	done with 819 (550 out of 4738, 10.23 minutes)
	done with 820 (551 out of 4738, 10.19 minutes)
	done with 783 (552 out of 4738, 10.23 minutes)
	done with 825 (553 out of 4738, 10.22 minutes)
	done with 826 (554 out of 4738, 10.30 minutes)
	done with 828 (555 out of 4738, 10.25 minutes)
	done with 830 (556 out of 4738, 10.31 minutes)
	done with 829 (557 out of 4738, 10.25 minutes)
	done with 832 (558 out of 4738, 10.29 minutes)
	done with 1744 (559 out of 4738, 10.29 minutes)
	done with 824 (560 out of 4738, 10.27 minutes)
	done with 846 (561 out of 4738, 10.23 minutes)
	done with 789 (562 out of 4738, 10.27 minutes)
	done with 837 (563 out of 4738, 10.26 minutes)
	done with 833 (564 out of 4738, 10.30 minutes)
	done with 795 (565 out of 4738, 10.30 minutes)
	done with 841 (566 out of 4738, 10.25 minutes)
	done with 850 (567 out of 4738, 10.26 minutes)
	done with 847 (568 out of 4738, 10.22 minutes)
	done with 844 (569 out of 4738, 10.27 minutes)
	done with 851 (570 out of 4738, 10.31 minutes)
	done with 834 (571 out of 4738, 10.31 minutes)
	done with 835 (572 out of 4738, 10.27 minutes)
	done with 848 (573 out of 4738, 10.20 minutes)
	done with 839 (574 out of 4738, 10.23 minutes)
	done with 860 (575 out of 4738, 10.29 minutes)
	done with 861 (576 out of 4738, 10.26 minutes)
	done with 859 (577 out of 4738, 10.16 minutes)
	done with 858 (578 out of 4738, 10.17 minutes)
	done with 881 (579 out of 4738, 10.20 minutes)
	done with 879 (580 out of 4738, 10.16 minutes)
	done with 878 (581 out of 4738, 10.11 minutes)
	done with 855 (582 out of 4738, 10.10 minutes)
	done with 875 (583 out of 4738, 10.14 minutes)
	done with 882 (584 out of 4738, 10.08 minutes)
	done with 871 (585 out of 4738, 10.11 minutes)
	done with 865 (586 out of 4738, 10.10 minutes)
	done with 863 (587 out of 4738, 10.12 minutes)
	done with 880 (588 out of 4738, 10.10 minutes)
	done with 899 (589 out of 4738, 10.15 minutes)
	done with 909 (590 out of 4738, 10.14 minutes)
	done with 845 (591 out of 4738, 10.15 minutes)
	done with 874 (592 out of 4738, 10.14 minutes)
	done with 915 (593 out of 4738, 10.11 minutes)
	done with 898 (594 out of 4738, 10.23 minutes)
	done with 849 (595 out of 4738, 10.22 minutes)
	done with 903 (596 out of 4738, 10.21 minutes)
	done with 840 (597 out of 4738, 10.22 minutes)
	done with 911 (598 out of 4738, 10.13 minutes)
	done with 904 (599 out of 4738, 10.11 minutes)
	done with 884 (600 out of 4738, 10.22 minutes)
	done with 910 (601 out of 4738, 10.18 minutes)
	done with 597 (602 out of 4738, 10.17 minutes)
	done with 870 (603 out of 4738, 10.12 minutes)
	done with 925 (604 out of 4738, 10.08 minutes)
	done with 901 (605 out of 4738, 10.10 minutes)
	done with 924 (606 out of 4738, 10.09 minutes)
	done with 876 (607 out of 4738, 10.12 minutes)
	done with 867 (608 out of 4738, 10.10 minutes)
	done with 908 (609 out of 4738, 10.12 minutes)
	done with 934 (610 out of 4738, 10.13 minutes)
	done with 930 (611 out of 4738, 10.09 minutes)
	done with 928 (612 out of 4738, 10.16 minutes)
	done with 929 (613 out of 4738, 10.12 minutes)
	done with 942 (614 out of 4738, 10.11 minutes)
	done with 922 (615 out of 4738, 10.22 minutes)
	done with 931 (616 out of 4738, 10.20 minutes)
	done with 936 (617 out of 4738, 10.30 minutes)
	done with 853 (618 out of 4738, 10.12 minutes)
	done with 938 (619 out of 4738, 10.13 minutes)
	done with 836 (620 out of 4738, 10.15 minutes)
	done with 946 (621 out of 4738, 10.13 minutes)
	done with 988 (622 out of 4738, 10.11 minutes)
	done with 959 (623 out of 4738, 10.12 minutes)
	done with 967 (624 out of 4738, 10.12 minutes)
	done with 1019 (625 out of 4738, 10.14 minutes)
	done with 932 (626 out of 4738, 10.10 minutes)
	done with 958 (627 out of 4738, 10.14 minutes)
	done with 951 (628 out of 4738, 10.18 minutes)
	done with 979 (629 out of 4738, 10.15 minutes)
	done with 956 (630 out of 4738, 10.13 minutes)
	done with 966 (631 out of 4738, 10.15 minutes)
	done with 960 (632 out of 4738, 10.13 minutes)
	done with 941 (633 out of 4738, 10.12 minutes)
	done with 974 (634 out of 4738, 10.27 minutes)
	done with 949 (635 out of 4738, 10.12 minutes)
	done with 950 (636 out of 4738, 10.16 minutes)
	done with 969 (637 out of 4738, 10.20 minutes)
	done with 990 (638 out of 4738, 10.20 minutes)
	done with 982 (639 out of 4738, 10.22 minutes)
	done with 968 (640 out of 4738, 10.22 minutes)
	done with 952 (641 out of 4738, 10.49 minutes)
	done with 984 (642 out of 4738, 10.14 minutes)
	done with 989 (643 out of 4738, 10.09 minutes)
	done with 996 (644 out of 4738, 10.20 minutes)
	done with 1005 (645 out of 4738, 10.16 minutes)
	done with 1003 (646 out of 4738, 10.08 minutes)
	done with 978 (647 out of 4738, 10.05 minutes)
	done with 940 (648 out of 4738, 10.15 minutes)
	done with 977 (649 out of 4738, 10.04 minutes)
	done with 1008 (650 out of 4738, 10.01 minutes)
	done with 976 (651 out of 4738, 10.05 minutes)
	done with 944 (652 out of 4738, 10.11 minutes)
	done with 1041 (653 out of 4738, 10.05 minutes)
	done with 1045 (654 out of 4738, 10.05 minutes)
	done with 1030 (655 out of 4738, 10.06 minutes)
	done with 1051 (656 out of 4738, 10.08 minutes)
	done with 994 (657 out of 4738, 9.90 minutes)
	done with 1062 (658 out of 4738, 10.15 minutes)
	done with 1020 (659 out of 4738, 10.12 minutes)
	done with 998 (660 out of 4738, 10.16 minutes)
	done with 1025 (661 out of 4738, 10.09 minutes)
	done with 1002 (662 out of 4738, 10.05 minutes)
	done with 1018 (663 out of 4738, 10.12 minutes)
	done with 985 (664 out of 4738, 10.11 minutes)
	done with 1022 (665 out of 4738, 10.11 minutes)
	done with 1028 (666 out of 4738, 10.15 minutes)
	done with 1046 (667 out of 4738, 10.13 minutes)
	done with 1058 (668 out of 4738, 10.04 minutes)
	done with 1036 (669 out of 4738, 10.27 minutes)
	done with 1059 (670 out of 4738, 10.08 minutes)
	done with 1053 (671 out of 4738, 10.10 minutes)
	done with 1039 (672 out of 4738, 10.14 minutes)
	done with 1067 (673 out of 4738, 10.19 minutes)
	done with 972 (674 out of 4738, 10.27 minutes)
	done with 1021 (675 out of 4738, 10.30 minutes)
	done with 1049 (676 out of 4738, 10.37 minutes)
	done with 1086 (677 out of 4738, 10.31 minutes)
	done with 1035 (678 out of 4738, 10.17 minutes)
	done with 1089 (679 out of 4738, 10.12 minutes)
	done with 1103 (680 out of 4738, 10.09 minutes)
	done with 1139 (681 out of 4738, 10.16 minutes)
	done with 1064 (682 out of 4738, 10.23 minutes)
	done with 1074 (683 out of 4738, 10.17 minutes)
	done with 1080 (684 out of 4738, 10.19 minutes)
	done with 1115 (685 out of 4738, 10.17 minutes)
	done with 1063 (686 out of 4738, 10.09 minutes)
	done with 1070 (687 out of 4738, 10.13 minutes)
	done with 1054 (688 out of 4738, 10.16 minutes)
	done with 921 (689 out of 4738, 10.09 minutes)
	done with 716 (690 out of 4738, 10.16 minutes)
	done with 1077 (691 out of 4738, 10.16 minutes)
	done with 1102 (692 out of 4738, 10.14 minutes)
	done with 1124 (693 out of 4738, 10.15 minutes)
	done with 1127 (694 out of 4738, 10.16 minutes)
	done with 1106 (695 out of 4738, 10.18 minutes)
	done with 1114 (696 out of 4738, 10.23 minutes)
	done with 1151 (697 out of 4738, 10.13 minutes)
	done with 1179 (698 out of 4738, 10.13 minutes)
	done with 1122 (699 out of 4738, 10.17 minutes)
	done with 1170 (700 out of 4738, 10.22 minutes)
	done with 1173 (701 out of 4738, 10.16 minutes)
	done with 1169 (702 out of 4738, 10.16 minutes)
	done with 1097 (703 out of 4738, 10.15 minutes)
	done with 1134 (704 out of 4738, 10.16 minutes)
	done with 1215 (705 out of 4738, 10.19 minutes)
	done with 1188 (706 out of 4738, 10.15 minutes)
	done with 1207 (707 out of 4738, 10.19 minutes)
	done with 1121 (708 out of 4738, 10.17 minutes)
	done with 1221 (709 out of 4738, 10.22 minutes)
	done with 1243 (710 out of 4738, 10.23 minutes)
	done with 1212 (711 out of 4738, 10.19 minutes)
	done with 1191 (712 out of 4738, 10.19 minutes)
	done with 1172 (713 out of 4738, 10.17 minutes)
	done with 1229 (714 out of 4738, 10.22 minutes)
	done with 1113 (715 out of 4738, 10.22 minutes)
	done with 1237 (716 out of 4738, 10.19 minutes)
	done with 1206 (717 out of 4738, 10.22 minutes)
	done with 1236 (718 out of 4738, 10.22 minutes)
	done with 1261 (719 out of 4738, 10.20 minutes)
	done with 1230 (720 out of 4738, 10.18 minutes)
	done with 1138 (721 out of 4738, 10.20 minutes)
	done with 1171 (722 out of 4738, 10.21 minutes)
	done with 1231 (723 out of 4738, 10.20 minutes)
	done with 1245 (724 out of 4738, 10.41 minutes)
	done with 1192 (725 out of 4738, 10.13 minutes)
	done with 1274 (726 out of 4738, 10.17 minutes)
	done with 498 (727 out of 4738, 10.25 minutes)
	done with 499 (728 out of 4738, 10.18 minutes)
	done with 939 (729 out of 4738, 10.20 minutes)
	done with 1302 (730 out of 4738, 10.18 minutes)
	done with 1260 (731 out of 4738, 10.16 minutes)
	done with 1287 (732 out of 4738, 10.20 minutes)
	done with 1275 (733 out of 4738, 10.19 minutes)
	done with 1214 (734 out of 4738, 10.70 minutes)
	done with 1225 (735 out of 4738, 10.19 minutes)
	done with 1277 (736 out of 4738, 10.20 minutes)
	done with 1283 (737 out of 4738, 10.10 minutes)
	done with 531 (738 out of 4738, 10.22 minutes)
	done with 1117 (739 out of 4738, 10.27 minutes)
	done with 1336 (740 out of 4738, 10.23 minutes)
	done with 1017 (741 out of 4738, 10.15 minutes)
	done with 1335 (742 out of 4738, 10.12 minutes)
	done with 1280 (743 out of 4738, 10.10 minutes)
	done with 1100 (744 out of 4738, 10.14 minutes)
	done with 1310 (745 out of 4738, 10.13 minutes)
	done with 1355 (746 out of 4738, 10.14 minutes)
	done with 1316 (747 out of 4738, 10.21 minutes)
	done with 1354 (748 out of 4738, 10.31 minutes)
	done with 1312 (749 out of 4738, 10.30 minutes)
	done with 1300 (750 out of 4738, 10.35 minutes)
	done with 1361 (751 out of 4738, 10.37 minutes)
	done with 1409 (752 out of 4738, 10.32 minutes)
	done with 1254 (753 out of 4738, 10.37 minutes)
	done with 1382 (754 out of 4738, 10.29 minutes)
	done with 1349 (755 out of 4738, 10.33 minutes)
	done with 1333 (756 out of 4738, 10.32 minutes)
	done with 1350 (757 out of 4738, 10.33 minutes)
	done with 1364 (758 out of 4738, 10.37 minutes)
	done with 1279 (759 out of 4738, 10.39 minutes)
	done with 1403 (760 out of 4738, 10.39 minutes)
	done with 1273 (761 out of 4738, 10.21 minutes)
	done with 1357 (762 out of 4738, 10.11 minutes)
	done with 1405 (763 out of 4738, 10.13 minutes)
	done with 1370 (764 out of 4738, 10.15 minutes)
	done with 1323 (765 out of 4738, 10.17 minutes)
	done with 1434 (766 out of 4738, 10.14 minutes)
	done with 1436 (767 out of 4738, 10.22 minutes)
	done with 1420 (768 out of 4738, 10.25 minutes)
	done with 1425 (769 out of 4738, 10.25 minutes)
	done with 1431 (770 out of 4738, 10.21 minutes)
	done with 1282 (771 out of 4738, 10.22 minutes)
	done with 1433 (772 out of 4738, 10.25 minutes)
	done with 1365 (773 out of 4738, 10.19 minutes)
	done with 1345 (774 out of 4738, 10.20 minutes)
	done with 1404 (775 out of 4738, 10.19 minutes)
	done with 1439 (776 out of 4738, 10.09 minutes)
	done with 1445 (777 out of 4738, 10.14 minutes)
	done with 1519 (778 out of 4738, 10.13 minutes)
	done with 1463 (779 out of 4738, 10.10 minutes)
	done with 1450 (780 out of 4738, 10.13 minutes)
	done with 1319 (781 out of 4738, 10.12 minutes)
	done with 1441 (782 out of 4738, 10.12 minutes)
	done with 1437 (783 out of 4738, 10.18 minutes)
	done with 1509 (784 out of 4738, 10.26 minutes)
	done with 1511 (785 out of 4738, 10.21 minutes)
	done with 1469 (786 out of 4738, 10.16 minutes)
	done with 1486 (787 out of 4738, 10.22 minutes)
	done with 1525 (788 out of 4738, 10.17 minutes)
	done with 1516 (789 out of 4738, 10.15 minutes)
	done with 1531 (790 out of 4738, 10.21 minutes)
	done with 862 (791 out of 4738, 10.24 minutes)
	done with 1526 (792 out of 4738, 10.31 minutes)
	done with 1523 (793 out of 4738, 10.30 minutes)
	done with 1512 (794 out of 4738, 10.30 minutes)
	done with 1610 (795 out of 4738, 10.24 minutes)
	done with 1527 (796 out of 4738, 10.23 minutes)
	done with 1517 (797 out of 4738, 10.18 minutes)
	done with 1586 (798 out of 4738, 10.23 minutes)
	done with 1594 (799 out of 4738, 10.23 minutes)
	done with 1605 (800 out of 4738, 10.19 minutes)
	done with 1613 (801 out of 4738, 10.25 minutes)
	done with 1604 (802 out of 4738, 10.19 minutes)
	done with 1242 (803 out of 4738, 10.19 minutes)
	done with 1546 (804 out of 4738, 10.24 minutes)
	done with 1498 (805 out of 4738, 10.31 minutes)
	done with 1585 (806 out of 4738, 10.23 minutes)
	done with 1593 (807 out of 4738, 10.26 minutes)
	done with 1563 (808 out of 4738, 10.27 minutes)
	done with 1626 (809 out of 4738, 10.22 minutes)
	done with 1507 (810 out of 4738, 10.27 minutes)
	done with 1524 (811 out of 4738, 10.28 minutes)
	done with 1575 (812 out of 4738, 10.25 minutes)
	done with 1603 (813 out of 4738, 10.33 minutes)
	done with 1384 (814 out of 4738, 10.31 minutes)
	done with 1285 (815 out of 4738, 10.21 minutes)
	done with 1597 (816 out of 4738, 10.22 minutes)
	done with 1643 (817 out of 4738, 10.23 minutes)
	done with 1631 (818 out of 4738, 10.21 minutes)
	done with 1637 (819 out of 4738, 10.26 minutes)
	done with 1545 (820 out of 4738, 10.31 minutes)
	done with 1634 (821 out of 4738, 10.19 minutes)
	done with 1534 (822 out of 4738, 10.24 minutes)
	done with 1614 (823 out of 4738, 10.14 minutes)
	done with 1632 (824 out of 4738, 10.12 minutes)
	done with 1589 (825 out of 4738, 10.22 minutes)
	done with 1671 (826 out of 4738, 10.27 minutes)
	done with 1587 (827 out of 4738, 10.20 minutes)
	done with 1665 (828 out of 4738, 10.24 minutes)
	done with 1622 (829 out of 4738, 10.25 minutes)
	done with 1590 (830 out of 4738, 10.28 minutes)
	done with 1642 (831 out of 4738, 10.18 minutes)
	done with 1644 (832 out of 4738, 10.13 minutes)
	done with 1606 (833 out of 4738, 10.10 minutes)
	done with 1673 (834 out of 4738, 10.11 minutes)
	done with 1676 (835 out of 4738, 10.18 minutes)
	done with 1678 (836 out of 4738, 10.17 minutes)
	done with 1675 (837 out of 4738, 10.18 minutes)
	done with 1664 (838 out of 4738, 10.12 minutes)
	done with 1668 (839 out of 4738, 10.13 minutes)
	done with 1476 (840 out of 4738, 10.15 minutes)
	done with 992 (841 out of 4738, 10.12 minutes)
	done with 1677 (842 out of 4738, 10.13 minutes)
	done with 1684 (843 out of 4738, 10.12 minutes)
	done with 1346 (844 out of 4738, 10.15 minutes)
	done with 1681 (845 out of 4738, 10.11 minutes)
	done with 1687 (846 out of 4738, 10.22 minutes)
	done with 1691 (847 out of 4738, 10.17 minutes)
	done with 1672 (848 out of 4738, 10.18 minutes)
	done with 1699 (849 out of 4738, 10.14 minutes)
	done with 1674 (850 out of 4738, 10.22 minutes)
	done with 1690 (851 out of 4738, 10.19 minutes)
	done with 1464 (852 out of 4738, 10.27 minutes)
	done with 1704 (853 out of 4738, 10.26 minutes)
	done with 1701 (854 out of 4738, 10.25 minutes)
	done with 1692 (855 out of 4738, 10.22 minutes)
	done with 1730 (856 out of 4738, 10.14 minutes)
	done with 1728 (857 out of 4738, 10.13 minutes)
	done with 1729 (858 out of 4738, 10.30 minutes)
	done with 1724 (859 out of 4738, 10.26 minutes)
	done with 1725 (860 out of 4738, 10.18 minutes)
	done with 1734 (861 out of 4738, 10.20 minutes)
	done with 1749 (862 out of 4738, 10.20 minutes)
	done with 1748 (863 out of 4738, 10.11 minutes)
	done with 1416 (864 out of 4738, 10.11 minutes)
	done with 1616 (865 out of 4738, 10.14 minutes)
	done with 1745 (866 out of 4738, 10.11 minutes)
	done with 1638 (867 out of 4738, 10.15 minutes)
	done with 1693 (868 out of 4738, 10.21 minutes)
	done with 1740 (869 out of 4738, 10.17 minutes)
	done with 1758 (870 out of 4738, 10.18 minutes)
	done with 1753 (871 out of 4738, 10.20 minutes)
	done with 1761 (872 out of 4738, 10.22 minutes)
	done with 1752 (873 out of 4738, 10.20 minutes)
	done with 1700 (874 out of 4738, 10.18 minutes)
	done with 1640 (875 out of 4738, 10.22 minutes)
	done with 1736 (876 out of 4738, 10.26 minutes)
	done with 1770 (877 out of 4738, 10.16 minutes)
	done with 1755 (878 out of 4738, 10.14 minutes)
	done with 1756 (879 out of 4738, 10.14 minutes)
	done with 1747 (880 out of 4738, 10.18 minutes)
	done with 1764 (881 out of 4738, 10.16 minutes)
	done with 1754 (882 out of 4738, 10.14 minutes)
	done with 1763 (883 out of 4738, 10.48 minutes)
	done with 1746 (884 out of 4738, 10.52 minutes)
	done with 1765 (885 out of 4738, 10.22 minutes)
	done with 1735 (886 out of 4738, 10.25 minutes)
	done with 1769 (887 out of 4738, 10.11 minutes)
	done with 1773 (888 out of 4738, 10.14 minutes)
	done with 1787 (889 out of 4738, 10.21 minutes)
	done with 1766 (890 out of 4738, 10.16 minutes)
	done with 1732 (891 out of 4738, 10.18 minutes)
	done with 1775 (892 out of 4738, 10.24 minutes)
	done with 1790 (893 out of 4738, 10.60 minutes)
	done with 1768 (894 out of 4738, 10.27 minutes)
	done with 1774 (895 out of 4738, 10.42 minutes)
	done with 1800 (896 out of 4738, 10.22 minutes)
	done with 1782 (897 out of 4738, 10.22 minutes)
	done with 1805 (898 out of 4738, 10.16 minutes)
	done with 1757 (899 out of 4738, 10.18 minutes)
	done with 1803 (900 out of 4738, 10.25 minutes)
	done with 1797 (901 out of 4738, 10.25 minutes)
	done with 1793 (902 out of 4738, 10.21 minutes)
	done with 1804 (903 out of 4738, 10.26 minutes)
	done with 1785 (904 out of 4738, 10.33 minutes)
	done with 1727 (905 out of 4738, 10.11 minutes)
	done with 1801 (906 out of 4738, 10.13 minutes)
	done with 1777 (907 out of 4738, 10.17 minutes)
	done with 1767 (908 out of 4738, 10.12 minutes)
	done with 1780 (909 out of 4738, 10.27 minutes)
	done with 1813 (910 out of 4738, 10.14 minutes)
	done with 1796 (911 out of 4738, 10.15 minutes)
	done with 1823 (912 out of 4738, 10.21 minutes)
	done with 1781 (913 out of 4738, 10.22 minutes)
	done with 1814 (914 out of 4738, 10.21 minutes)
	done with 1751 (915 out of 4738, 10.24 minutes)
	done with 1820 (916 out of 4738, 10.25 minutes)
	done with 1794 (917 out of 4738, 10.26 minutes)
	done with 1838 (918 out of 4738, 10.28 minutes)
	done with 1815 (919 out of 4738, 10.30 minutes)
	done with 1812 (920 out of 4738, 10.27 minutes)
	done with 1810 (921 out of 4738, 10.19 minutes)
	done with 1827 (922 out of 4738, 10.19 minutes)
	done with 1817 (923 out of 4738, 10.19 minutes)
	done with 1831 (924 out of 4738, 10.22 minutes)
	done with 1807 (925 out of 4738, 10.21 minutes)
	done with 1839 (926 out of 4738, 10.22 minutes)
	done with 1828 (927 out of 4738, 10.26 minutes)
	done with 1842 (928 out of 4738, 10.22 minutes)
	done with 1833 (929 out of 4738, 10.13 minutes)
	done with 1855 (930 out of 4738, 10.18 minutes)
	done with 1850 (931 out of 4738, 10.22 minutes)
	done with 1849 (932 out of 4738, 10.21 minutes)
	done with 1197 (933 out of 4738, 10.28 minutes)
	done with 1852 (934 out of 4738, 10.22 minutes)
	done with 1837 (935 out of 4738, 10.16 minutes)
	done with 1856 (936 out of 4738, 10.22 minutes)
	done with 1825 (937 out of 4738, 10.23 minutes)
	done with 1872 (938 out of 4738, 10.22 minutes)
	done with 1819 (939 out of 4738, 10.28 minutes)
	done with 1846 (940 out of 4738, 10.22 minutes)
	done with 1916 (941 out of 4738, 10.18 minutes)
	done with 1920 (942 out of 4738, 10.33 minutes)
	done with 1844 (943 out of 4738, 10.18 minutes)
	done with 1864 (944 out of 4738, 10.26 minutes)
	done with 1924 (945 out of 4738, 10.31 minutes)
	done with 1826 (946 out of 4738, 10.23 minutes)
	done with 1869 (947 out of 4738, 10.19 minutes)
	done with 1750 (948 out of 4738, 10.23 minutes)
	done with 1905 (949 out of 4738, 10.18 minutes)
	done with 1857 (950 out of 4738, 10.23 minutes)
	done with 1941 (951 out of 4738, 10.21 minutes)
	done with 1840 (952 out of 4738, 10.27 minutes)
	done with 1929 (953 out of 4738, 10.25 minutes)
	done with 1919 (954 out of 4738, 10.21 minutes)
	done with 1921 (955 out of 4738, 10.16 minutes)
	done with 1847 (956 out of 4738, 10.19 minutes)
	done with 1802 (957 out of 4738, 10.25 minutes)
	done with 1927 (958 out of 4738, 10.40 minutes)
	done with 1931 (959 out of 4738, 10.18 minutes)
	done with 1940 (960 out of 4738, 10.21 minutes)
	done with 1925 (961 out of 4738, 10.24 minutes)
	done with 1938 (962 out of 4738, 10.17 minutes)
	done with 1942 (963 out of 4738, 10.20 minutes)
	done with 1811 (964 out of 4738, 10.18 minutes)
	done with 1954 (965 out of 4738, 10.18 minutes)
	done with 1944 (966 out of 4738, 10.21 minutes)
	done with 1946 (967 out of 4738, 10.20 minutes)
	done with 1902 (968 out of 4738, 10.23 minutes)
	done with 1705 (969 out of 4738, 10.26 minutes)
	done with 1952 (970 out of 4738, 10.21 minutes)
	done with 1617 (971 out of 4738, 10.16 minutes)
	done with 1939 (972 out of 4738, 10.29 minutes)
	done with 1965 (973 out of 4738, 10.29 minutes)
	done with 4015 (974 out of 4738, 10.72 minutes)
	done with 1961 (975 out of 4738, 10.22 minutes)
	done with 1951 (976 out of 4738, 10.45 minutes)
	done with 2996 (977 out of 4738, 10.16 minutes)
	done with 1945 (978 out of 4738, 10.16 minutes)
	done with 2989 (979 out of 4738, 10.20 minutes)
	done with 4021 (980 out of 4738, 10.13 minutes)
	done with 4019 (981 out of 4738, 10.16 minutes)
	done with 1963 (982 out of 4738, 10.24 minutes)
	done with 3002 (983 out of 4738, 10.22 minutes)
	done with 1964 (984 out of 4738, 10.24 minutes)
	done with 2993 (985 out of 4738, 10.36 minutes)
	done with 4020 (986 out of 4738, 10.13 minutes)
	done with 6065 (987 out of 4738, 10.15 minutes)
	done with 6064 (988 out of 4738, 10.18 minutes)
	done with 5041 (989 out of 4738, 10.15 minutes)
	done with 4017 (990 out of 4738, 10.30 minutes)
	done with 7089 (991 out of 4738, 10.25 minutes)
	done with 9135 (992 out of 4738, 10.18 minutes)
	done with 1917 (993 out of 4738, 10.24 minutes)
	done with 3001 (994 out of 4738, 10.28 minutes)
	done with 2994 (995 out of 4738, 10.14 minutes)
	done with 8113 (996 out of 4738, 10.14 minutes)
	done with 8118 (997 out of 4738, 10.16 minutes)
	done with 9143 (998 out of 4738, 10.14 minutes)
	done with 8117 (999 out of 4738, 10.17 minutes)
	done with 9141 (1000 out of 4738, 10.17 minutes)
	done with 8121 (1001 out of 4738, 10.21 minutes)
	done with 9142 (1002 out of 4738, 10.26 minutes)
	done with 8124 (1003 out of 4738, 10.16 minutes)
	done with 1956 (1004 out of 4738, 10.12 minutes)
	done with 9145 (1005 out of 4738, 10.16 minutes)
	done with 9149 (1006 out of 4738, 10.17 minutes)
	done with 9138 (1007 out of 4738, 10.13 minutes)
	done with 9155 (1008 out of 4738, 10.16 minutes)
	done with 9157 (1009 out of 4738, 10.15 minutes)
	done with 9156 (1010 out of 4738, 10.13 minutes)
	done with 8128 (1011 out of 4738, 10.17 minutes)
	done with 9146 (1012 out of 4738, 10.18 minutes)
	done with 9139 (1013 out of 4738, 10.13 minutes)
	done with 9161 (1014 out of 4738, 10.19 minutes)
	done with 9160 (1015 out of 4738, 10.16 minutes)
	done with 8126 (1016 out of 4738, 10.17 minutes)
	done with 8131 (1017 out of 4738, 10.27 minutes)
	done with 9144 (1018 out of 4738, 10.24 minutes)
	done with 9169 (1019 out of 4738, 10.20 minutes)
	done with 7088 (1020 out of 4738, 10.20 minutes)
	done with 9153 (1021 out of 4738, 10.20 minutes)
	done with 8134 (1022 out of 4738, 10.14 minutes)
	done with 9174 (1023 out of 4738, 10.15 minutes)
	done with 8129 (1024 out of 4738, 10.26 minutes)
	done with 9168 (1025 out of 4738, 10.12 minutes)
	done with 8143 (1026 out of 4738, 10.14 minutes)
	done with 9173 (1027 out of 4738, 10.14 minutes)
	done with 8135 (1028 out of 4738, 10.14 minutes)
	done with 9172 (1029 out of 4738, 10.17 minutes)
	done with 8119 (1030 out of 4738, 10.17 minutes)
	done with 8125 (1031 out of 4738, 10.19 minutes)
	done with 8144 (1032 out of 4738, 10.20 minutes)
	done with 10165 (1033 out of 4738, 10.18 minutes)
	done with 10174 (1034 out of 4738, 10.17 minutes)
	done with 8145 (1035 out of 4738, 10.16 minutes)
	done with 9167 (1036 out of 4738, 10.11 minutes)
	done with 9170 (1037 out of 4738, 10.13 minutes)
	done with 10178 (1038 out of 4738, 10.20 minutes)
	done with 10167 (1039 out of 4738, 10.24 minutes)
	done with 10172 (1040 out of 4738, 10.14 minutes)
	done with 10182 (1041 out of 4738, 10.14 minutes)
	done with 10184 (1042 out of 4738, 10.17 minutes)
	done with 11188 (1043 out of 4738, 10.17 minutes)
	done with 8148 (1044 out of 4738, 10.12 minutes)
	done with 10181 (1045 out of 4738, 10.24 minutes)
	done with 10186 (1046 out of 4738, 10.19 minutes)
	done with 10176 (1047 out of 4738, 10.18 minutes)
	done with 8153 (1048 out of 4738, 10.19 minutes)
	done with 11189 (1049 out of 4738, 10.12 minutes)
	done with 10168 (1050 out of 4738, 10.15 minutes)
	done with 9158 (1051 out of 4738, 10.16 minutes)
	done with 8123 (1052 out of 4738, 10.16 minutes)
	done with 8141 (1053 out of 4738, 10.14 minutes)
	done with 10171 (1054 out of 4738, 10.24 minutes)
	done with 10180 (1055 out of 4738, 10.21 minutes)
	done with 11194 (1056 out of 4738, 10.25 minutes)
	done with 10173 (1057 out of 4738, 10.26 minutes)
	done with 9154 (1058 out of 4738, 10.20 minutes)
	done with 12209 (1059 out of 4738, 10.21 minutes)
	done with 12214 (1060 out of 4738, 10.21 minutes)
	done with 12219 (1061 out of 4738, 10.18 minutes)
	done with 12215 (1062 out of 4738, 10.22 minutes)
	done with 13237 (1063 out of 4738, 10.20 minutes)
	done with 10185 (1064 out of 4738, 10.47 minutes)
	done with 12224 (1065 out of 4738, 10.19 minutes)
	done with 12217 (1066 out of 4738, 10.22 minutes)
	done with 12222 (1067 out of 4738, 10.38 minutes)
	done with 8136 (1068 out of 4738, 10.21 minutes)
	done with 14257 (1069 out of 4738, 10.19 minutes)
	done with 14259 (1070 out of 4738, 10.14 minutes)
	done with 11193 (1071 out of 4738, 10.16 minutes)
	done with 8150 (1072 out of 4738, 10.13 minutes)
	done with 12218 (1073 out of 4738, 10.11 minutes)
	done with 11185 (1074 out of 4738, 10.13 minutes)
	done with 13239 (1075 out of 4738, 10.16 minutes)
	done with 14261 (1076 out of 4738, 10.19 minutes)
	done with 14262 (1077 out of 4738, 10.15 minutes)
	done with 15290 (1078 out of 4738, 10.18 minutes)
	done with 10177 (1079 out of 4738, 10.19 minutes)
	done with 14264 (1080 out of 4738, 10.17 minutes)
	done with 15281 (1081 out of 4738, 10.17 minutes)
	done with 12220 (1082 out of 4738, 10.15 minutes)
	done with 15299 (1083 out of 4738, 10.19 minutes)
	done with 10160 (1084 out of 4738, 10.19 minutes)
	done with 14271 (1085 out of 4738, 10.26 minutes)
	done with 15288 (1086 out of 4738, 10.22 minutes)
	done with 11186 (1087 out of 4738, 10.19 minutes)
	done with 15289 (1088 out of 4738, 10.16 minutes)
	done with 15284 (1089 out of 4738, 10.15 minutes)
	done with 15287 (1090 out of 4738, 10.21 minutes)
	done with 8115 (1091 out of 4738, 10.12 minutes)
	done with 14269 (1092 out of 4738, 10.27 minutes)
	done with 10164 (1093 out of 4738, 10.22 minutes)
	done with 14270 (1094 out of 4738, 10.15 minutes)
	done with 15296 (1095 out of 4738, 10.12 minutes)
	done with 15303 (1096 out of 4738, 10.15 minutes)
	done with 14256 (1097 out of 4738, 10.13 minutes)
	done with 8149 (1098 out of 4738, 10.26 minutes)
	done with 14274 (1099 out of 4738, 10.26 minutes)
	done with 15286 (1100 out of 4738, 10.21 minutes)
	done with 14265 (1101 out of 4738, 10.17 minutes)
	done with 14273 (1102 out of 4738, 10.20 minutes)
	done with 15307 (1103 out of 4738, 10.22 minutes)
	done with 15308 (1104 out of 4738, 10.17 minutes)
	done with 16330 (1105 out of 4738, 10.15 minutes)
	done with 15292 (1106 out of 4738, 10.27 minutes)
	done with 13233 (1107 out of 4738, 10.18 minutes)
	done with 15293 (1108 out of 4738, 10.21 minutes)
	done with 11192 (1109 out of 4738, 10.22 minutes)
	done with 17353 (1110 out of 4738, 10.82 minutes)
	done with 12225 (1111 out of 4738, 10.22 minutes)
	done with 13235 (1112 out of 4738, 10.21 minutes)
	done with 16333 (1113 out of 4738, 10.24 minutes)
	done with 15312 (1114 out of 4738, 10.23 minutes)
	done with 15306 (1115 out of 4738, 10.30 minutes)
	done with 17352 (1116 out of 4738, 10.21 minutes)
	done with 14268 (1117 out of 4738, 10.19 minutes)
	done with 16334 (1118 out of 4738, 10.14 minutes)
	done with 15311 (1119 out of 4738, 10.28 minutes)
	done with 18380 (1120 out of 4738, 10.18 minutes)
	done with 18378 (1121 out of 4738, 10.16 minutes)
	done with 18381 (1122 out of 4738, 10.15 minutes)
	done with 15314 (1123 out of 4738, 10.18 minutes)
	done with 19402 (1124 out of 4738, 10.16 minutes)
	done with 18379 (1125 out of 4738, 10.21 minutes)
	done with 20433 (1126 out of 4738, 10.22 minutes)
	done with 20431 (1127 out of 4738, 10.27 minutes)
	done with 15283 (1128 out of 4738, 10.29 minutes)
	done with 20432 (1129 out of 4738, 10.29 minutes)
	done with 19407 (1130 out of 4738, 10.20 minutes)
	done with 11184 (1131 out of 4738, 10.18 minutes)
	done with 19411 (1132 out of 4738, 10.28 minutes)
	done with 18376 (1133 out of 4738, 10.25 minutes)
	done with 20440 (1134 out of 4738, 10.26 minutes)
	done with 20434 (1135 out of 4738, 10.22 minutes)
	done with 18377 (1136 out of 4738, 10.17 minutes)
	done with 19414 (1137 out of 4738, 10.18 minutes)
	done with 15297 (1138 out of 4738, 10.22 minutes)
	done with 20444 (1139 out of 4738, 10.16 minutes)
	done with 19419 (1140 out of 4738, 10.22 minutes)
	done with 19408 (1141 out of 4738, 10.22 minutes)
	done with 20438 (1142 out of 4738, 10.17 minutes)
	done with 1960 (1143 out of 4738, 10.27 minutes)
	done with 20443 (1144 out of 4738, 10.27 minutes)
	done with 19403 (1145 out of 4738, 10.25 minutes)
	done with 20445 (1146 out of 4738, 10.26 minutes)
	done with 19406 (1147 out of 4738, 10.25 minutes)
	done with 19417 (1148 out of 4738, 10.27 minutes)
	done with 19413 (1149 out of 4738, 10.25 minutes)
	done with 20436 (1150 out of 4738, 10.23 minutes)
	done with 20441 (1151 out of 4738, 10.20 minutes)
	done with 19427 (1152 out of 4738, 10.25 minutes)
	done with 19416 (1153 out of 4738, 10.21 minutes)
	done with 19423 (1154 out of 4738, 10.23 minutes)
	done with 19412 (1155 out of 4738, 10.25 minutes)
	done with 19418 (1156 out of 4738, 10.20 minutes)
	done with 20447 (1157 out of 4738, 10.27 minutes)
	done with 19420 (1158 out of 4738, 10.32 minutes)
	done with 19425 (1159 out of 4738, 10.25 minutes)
	done with 18383 (1160 out of 4738, 10.21 minutes)
	done with 15304 (1161 out of 4738, 10.23 minutes)
	done with 19421 (1162 out of 4738, 10.30 minutes)
	done with 19434 (1163 out of 4738, 10.27 minutes)
	done with 20453 (1164 out of 4738, 10.28 minutes)
	done with 20448 (1165 out of 4738, 10.29 minutes)
	done with 20456 (1166 out of 4738, 10.26 minutes)
	done with 19428 (1167 out of 4738, 10.27 minutes)
	done with 19432 (1168 out of 4738, 10.23 minutes)
	done with 20458 (1169 out of 4738, 10.23 minutes)
	done with 20460 (1170 out of 4738, 10.24 minutes)
	done with 20450 (1171 out of 4738, 10.33 minutes)
	done with 19449 (1172 out of 4738, 10.28 minutes)
	done with 20464 (1173 out of 4738, 10.21 minutes)
	done with 20454 (1174 out of 4738, 10.20 minutes)
	done with 21456 (1175 out of 4738, 10.19 minutes)
	done with 19447 (1176 out of 4738, 10.30 minutes)
	done with 19450 (1177 out of 4738, 10.28 minutes)
	done with 20457 (1178 out of 4738, 10.25 minutes)
	done with 20463 (1179 out of 4738, 10.22 minutes)
	done with 21455 (1180 out of 4738, 10.31 minutes)
	done with 21458 (1181 out of 4738, 10.20 minutes)
	done with 20462 (1182 out of 4738, 10.28 minutes)
	done with 19404 (1183 out of 4738, 10.23 minutes)
	done with 20461 (1184 out of 4738, 10.21 minutes)
	done with 19436 (1185 out of 4738, 10.22 minutes)